<?xml version="1.0" encoding="UTF-8"?>
<testng-results ignored="0" total="1" passed="1" failed="0" skipped="0">
  <reporter-output>
  </reporter-output>
  <suite started-at="2024-03-07T23:21:56 IST" name="Default suite" finished-at="2024-03-07T23:21:56 IST" duration-ms="138">
    <groups>
    </groups>
    <test started-at="2024-03-07T23:21:56 IST" name="Default test" finished-at="2024-03-07T23:21:56 IST" duration-ms="138">
      <class name="Firstpack.Hello">
        <test-method signature="test()[pri:0, instance:Firstpack.Hello@4ac3c60d]" started-at="2024-03-07T23:21:56 IST" name="test" finished-at="2024-03-07T23:21:56 IST" duration-ms="36" status="PASS">
          <reporter-output>
          </reporter-output>
        </test-method> <!-- test -->
      </class> <!-- Firstpack.Hello -->
    </test> <!-- Default test -->
  </suite> <!-- Default suite -->
</testng-results>
