<?xml version="1.0" encoding="UTF-8"?>
<testng-results ignored="0" total="2" passed="2" failed="0" skipped="0">
  <reporter-output>
  </reporter-output>
  <suite started-at="2024-03-08T20:59:41 IST" name="Default suite" finished-at="2024-03-08T21:00:36 IST" duration-ms="54557">
    <groups>
    </groups>
    <test started-at="2024-03-08T20:59:41 IST" name="Default test" finished-at="2024-03-08T21:00:36 IST" duration-ms="54557">
      <class name="Firstpack.Hello">
        <test-method is-config="true" signature="test()[pri:0, instance:Firstpack.Hello@2f7298b]" started-at="2024-03-08T20:59:42 IST" name="test" finished-at="2024-03-08T20:59:55 IST" duration-ms="13100" status="PASS">
          <reporter-output>
          </reporter-output>
        </test-method> <!-- test -->
        <test-method signature="aim()[pri:0, instance:Firstpack.Hello@2f7298b]" started-at="2024-03-08T20:59:55 IST" name="aim" finished-at="2024-03-08T21:00:07 IST" duration-ms="11795" status="PASS">
          <reporter-output>
          </reporter-output>
        </test-method> <!-- aim -->
        <test-method is-config="true" signature="close()[pri:0, instance:Firstpack.Hello@2f7298b]" started-at="2024-03-08T21:00:07 IST" name="close" finished-at="2024-03-08T21:00:36 IST" duration-ms="29310" status="PASS">
          <reporter-output>
          </reporter-output>
        </test-method> <!-- close -->
      </class> <!-- Firstpack.Hello -->
      <class name="Firstpack.Second">
        <test-method signature="test()[pri:0, instance:Firstpack.Second@74e52303]" started-at="2024-03-08T21:00:36 IST" name="test" finished-at="2024-03-08T21:00:36 IST" duration-ms="14" status="PASS">
          <reporter-output>
          </reporter-output>
        </test-method> <!-- test -->
      </class> <!-- Firstpack.Second -->
    </test> <!-- Default test -->
  </suite> <!-- Default suite -->
</testng-results>
